{
  "RSpec": {
    "coverage": {
      "/Users/darbysmith/turing_work/3mod/projects/rails_engine_fe/app/helpers/application_helper.rb": {
        "lines": [
          1,
          null
        ]
      },
      "/Users/darbysmith/turing_work/3mod/projects/rails_engine_fe/app/controllers/merchants_controller.rb": {
        "lines": [
          1,
          1,
          null,
          null,
          null
        ]
      },
      "/Users/darbysmith/turing_work/3mod/projects/rails_engine_fe/app/controllers/application_controller.rb": {
        "lines": [
          1,
          null
        ]
      },
      "/Users/darbysmith/turing_work/3mod/projects/rails_engine_fe/app/models/application_record.rb": {
        "lines": [
          0,
          0,
          0
        ],
        "branches": {
        }
      }
    },
    "timestamp": 1671048611
  }
}
